Using pre-set license
Built from '2020.2/staging' branch; Version is '2020.2.3f1 (8ff31bc5bf5b) revision 9433883'; Using compiler version '192528614'; Build Type 'Release'
OS: 'Windows 10 Home; OS build 19041.867; Version 2004; 64bit' Language: 'en' Physical Memory: 12162 MB
BatchMode: 1, IsHumanControllingUs: 0, StartBugReporterOnCrash: 0, Is64bit: 1, IsPro: 0

 COMMAND LINE ARGUMENTS:
C:\Program Files\Unity\Hub\Editor\2020.2.3f1\Editor\Unity.exe
-adb2
-batchMode
-noUpm
-name
AssetImportWorker0
-projectPath
F:/Unity/TobiiTest
-logFile
Logs/AssetImportWorker0.log
-srvPort
54415
Successfully changed project path to: F:/Unity/TobiiTest
F:/Unity/TobiiTest
Using Asset Import Pipeline V2.
Refreshing native plugins compatible for Editor in 48.53 ms, found 2 plugins.
Preloading 0 native plugins for Editor in 0.00 ms.
Initialize engine version: 2020.2.3f1 (8ff31bc5bf5b)
[Subsystems] Discovering subsystems at path C:/Program Files/Unity/Hub/Editor/2020.2.3f1/Editor/Data/Resources/UnitySubsystems
[Subsystems] Discovering subsystems at path F:/Unity/TobiiTest/Assets
GfxDevice: creating device client; threaded=0
Direct3D:
    Version:  Direct3D 11.0 [level 11.1]
    Renderer: Intel(R) UHD Graphics 620 (ID=0x5917)
    Vendor:   
    VRAM:     6081 MB
    Driver:   23.20.16.4849
Initialize mono
Mono path[0] = 'C:/Program Files/Unity/Hub/Editor/2020.2.3f1/Editor/Data/Managed'
Mono path[1] = 'C:/Program Files/Unity/Hub/Editor/2020.2.3f1/Editor/Data/MonoBleedingEdge/lib/mono/unityjit'
Mono config path = 'C:/Program Files/Unity/Hub/Editor/2020.2.3f1/Editor/Data/MonoBleedingEdge/etc'
Using monoOptions --debugger-agent=transport=dt_socket,embedding=1,server=y,suspend=n,address=127.0.0.1:56936
Begin MonoManager ReloadAssembly
Registering precompiled unity dll's ...
Register platform support module: C:/Program Files/Unity/Hub/Editor/2020.2.3f1/Editor/Data/PlaybackEngines/WindowsStandaloneSupport/UnityEditor.WindowsStandalone.Extensions.dll
Registered in 0.002282 seconds.
Native extension for WindowsStandalone target not found
Refreshing native plugins compatible for Editor in 40.29 ms, found 2 plugins.
Preloading 0 native plugins for Editor in 0.00 ms.
Invoked RoslynAnalysisRunner static constructor.
RoslynAnalysisRunner will not be running.
RoslynAnalysisRunner has terminated.
Mono: successfully reloaded assembly
- Completed reload, in  1.331 seconds
Platform modules already initialized, skipping
Registering precompiled user dll's ...
Registered in 0.001260 seconds.
Begin MonoManager ReloadAssembly
Native extension for WindowsStandalone target not found
Refreshing native plugins compatible for Editor in 42.08 ms, found 2 plugins.
Preloading 0 native plugins for Editor in 0.00 ms.
Invoked RoslynAnalysisRunner static constructor.
RoslynAnalysisRunner will not be running.
RoslynAnalysisRunner has terminated.
Mono: successfully reloaded assembly
- Completed reload, in  1.219 seconds
Platform modules already initialized, skipping
========================================================================
Worker process is ready to serve import requests
Launched and connected shader compiler UnityShaderCompiler.exe after 0.07 seconds
Refreshing native plugins compatible for Editor in 0.78 ms, found 2 plugins.
Preloading 0 native plugins for Editor in 0.00 ms.
Unloading 1823 Unused Serialized files (Serialized files now loaded: 0)
System memory in use before: 85.9 MB.
System memory in use after: 85.9 MB.

Unloading 22 unused Assets to reduce memory usage. Loaded Objects now: 2272.
Total: 2.014200 ms (FindLiveObjects: 0.211600 ms CreateObjectMapping: 0.083900 ms MarkObjects: 1.637200 ms  DeleteObjects: 0.080200 ms)

========================================================================
Received Import Request.
  path: Assets/Scripts/ConductTrial.cs
  artifactKey: Guid(c65c13955f8a4a642aa97681b374474a) Importer(815301076,1909f56bfc062723c751e8b465ee728b)
Start importing Assets/Scripts/ConductTrial.cs using Guid(c65c13955f8a4a642aa97681b374474a) Importer(815301076,1909f56bfc062723c751e8b465ee728b)  -> (artifact id: '84d9ec0dbe9f0bf017fe3ee43211864b') in 0.153391 seconds
  Import took 0.159932 seconds .

========================================================================
Received Prepare
Registering precompiled user dll's ...
Registered in 0.001620 seconds.
Begin MonoManager ReloadAssembly
Native extension for WindowsStandalone target not found
Refreshing native plugins compatible for Editor in 0.43 ms, found 2 plugins.
Preloading 0 native plugins for Editor in 0.00 ms.
Invoked RoslynAnalysisRunner static constructor.
RoslynAnalysisRunner will not be running.
RoslynAnalysisRunner has terminated.
Mono: successfully reloaded assembly
- Completed reload, in  0.894 seconds
Platform modules already initialized, skipping
Refreshing native plugins compatible for Editor in 0.74 ms, found 2 plugins.
Preloading 0 native plugins for Editor in 0.00 ms.
Unloading 1814 Unused Serialized files (Serialized files now loaded: 0)
System memory in use before: 85.5 MB.
System memory in use after: 85.6 MB.

Unloading 11 unused Assets to reduce memory usage. Loaded Objects now: 2274.
Total: 2.175100 ms (FindLiveObjects: 0.358800 ms CreateObjectMapping: 0.093300 ms MarkObjects: 1.697600 ms  DeleteObjects: 0.022400 ms)

========================================================================
Received Prepare
Registering precompiled user dll's ...
Registered in 0.001269 seconds.
Begin MonoManager ReloadAssembly
Native extension for WindowsStandalone target not found
Refreshing native plugins compatible for Editor in 0.63 ms, found 2 plugins.
Preloading 0 native plugins for Editor in 0.00 ms.
Invoked RoslynAnalysisRunner static constructor.
RoslynAnalysisRunner will not be running.
RoslynAnalysisRunner has terminated.
Mono: successfully reloaded assembly
- Completed reload, in  0.866 seconds
Platform modules already initialized, skipping
Refreshing native plugins compatible for Editor in 0.71 ms, found 2 plugins.
Preloading 0 native plugins for Editor in 0.00 ms.
Unloading 1814 Unused Serialized files (Serialized files now loaded: 0)
System memory in use before: 85.6 MB.
System memory in use after: 85.7 MB.

Unloading 11 unused Assets to reduce memory usage. Loaded Objects now: 2276.
Total: 2.391300 ms (FindLiveObjects: 0.312700 ms CreateObjectMapping: 0.124200 ms MarkObjects: 1.927800 ms  DeleteObjects: 0.024900 ms)

========================================================================
Received Prepare
Registering precompiled user dll's ...
Registered in 0.001319 seconds.
Begin MonoManager ReloadAssembly
Native extension for WindowsStandalone target not found
Refreshing native plugins compatible for Editor in 0.40 ms, found 2 plugins.
Preloading 0 native plugins for Editor in 0.00 ms.
Invoked RoslynAnalysisRunner static constructor.
RoslynAnalysisRunner will not be running.
RoslynAnalysisRunner has terminated.
Mono: successfully reloaded assembly
- Completed reload, in  0.864 seconds
Platform modules already initialized, skipping
Refreshing native plugins compatible for Editor in 0.69 ms, found 2 plugins.
Preloading 0 native plugins for Editor in 0.00 ms.
Unloading 1814 Unused Serialized files (Serialized files now loaded: 0)
System memory in use before: 85.6 MB.
System memory in use after: 85.7 MB.

Unloading 11 unused Assets to reduce memory usage. Loaded Objects now: 2278.
Total: 2.384900 ms (FindLiveObjects: 0.326400 ms CreateObjectMapping: 0.135500 ms MarkObjects: 1.902000 ms  DeleteObjects: 0.019400 ms)

========================================================================
Received Prepare
Registering precompiled user dll's ...
Registered in 0.001279 seconds.
Begin MonoManager ReloadAssembly
Native extension for WindowsStandalone target not found
Refreshing native plugins compatible for Editor in 0.40 ms, found 2 plugins.
Preloading 0 native plugins for Editor in 0.00 ms.
Invoked RoslynAnalysisRunner static constructor.
RoslynAnalysisRunner will not be running.
RoslynAnalysisRunner has terminated.
Mono: successfully reloaded assembly
- Completed reload, in  0.872 seconds
Platform modules already initialized, skipping
Refreshing native plugins compatible for Editor in 0.71 ms, found 2 plugins.
Preloading 0 native plugins for Editor in 0.00 ms.
Unloading 1814 Unused Serialized files (Serialized files now loaded: 0)
System memory in use before: 85.6 MB.
System memory in use after: 85.7 MB.

Unloading 11 unused Assets to reduce memory usage. Loaded Objects now: 2280.
Total: 2.286000 ms (FindLiveObjects: 0.197600 ms CreateObjectMapping: 0.084300 ms MarkObjects: 1.982800 ms  DeleteObjects: 0.020100 ms)

========================================================================
Received Prepare
Registering precompiled user dll's ...
Registered in 0.002123 seconds.
Begin MonoManager ReloadAssembly
Native extension for WindowsStandalone target not found
Refreshing native plugins compatible for Editor in 0.49 ms, found 2 plugins.
Preloading 0 native plugins for Editor in 0.00 ms.
Invoked RoslynAnalysisRunner static constructor.
RoslynAnalysisRunner will not be running.
RoslynAnalysisRunner has terminated.
Mono: successfully reloaded assembly
- Completed reload, in  1.155 seconds
Platform modules already initialized, skipping
Refreshing native plugins compatible for Editor in 1.01 ms, found 2 plugins.
Preloading 0 native plugins for Editor in 0.00 ms.
Unloading 1814 Unused Serialized files (Serialized files now loaded: 0)
System memory in use before: 85.6 MB.
System memory in use after: 85.7 MB.

Unloading 11 unused Assets to reduce memory usage. Loaded Objects now: 2282.
Total: 2.711800 ms (FindLiveObjects: 0.271700 ms CreateObjectMapping: 0.142700 ms MarkObjects: 2.264600 ms  DeleteObjects: 0.030700 ms)

========================================================================
Received Import Request.
  Time since last request: 7589.314814 seconds.
  path: Assets/Images
  artifactKey: Guid(5ff6bc1f4b9fb9d4da7ac69eb4950be4) Importer(815301076,1909f56bfc062723c751e8b465ee728b)
Start importing Assets/Images using Guid(5ff6bc1f4b9fb9d4da7ac69eb4950be4) Importer(815301076,1909f56bfc062723c751e8b465ee728b)  -> (artifact id: 'a64439c58225275406ac0d25295b9016') in 0.012062 seconds
  Import took 0.016298 seconds .

========================================================================
Received Import Request.
  Time since last request: 0.001943 seconds.
  path: Assets/Images
  artifactKey: Guid(5ff6bc1f4b9fb9d4da7ac69eb4950be4) Importer(815301076,1909f56bfc062723c751e8b465ee728b)
Start importing Assets/Images using Guid(5ff6bc1f4b9fb9d4da7ac69eb4950be4) Importer(815301076,1909f56bfc062723c751e8b465ee728b)  -> (artifact id: 'a64439c58225275406ac0d25295b9016') in 0.002200 seconds
  Import took 0.005295 seconds .

========================================================================
Received Import Request.
  Time since last request: 12.738657 seconds.
  path: Assets/Images/replay.png
  artifactKey: Guid(3d1420ab6c6eb024cb4b60b7d6625906) Importer(815301076,1909f56bfc062723c751e8b465ee728b)
Start importing Assets/Images/replay.png using Guid(3d1420ab6c6eb024cb4b60b7d6625906) Importer(815301076,1909f56bfc062723c751e8b465ee728b)  -> (artifact id: '8f9a5b362312618ded54c8ecd7d9d546') in 0.156477 seconds
  Import took 0.160406 seconds .

========================================================================
Received Import Request.
  Time since last request: 272.128662 seconds.
  path: Assets/Images/replay (1).png
  artifactKey: Guid(04fe653b554c64d45a5ef5a1234fe3fe) Importer(815301076,1909f56bfc062723c751e8b465ee728b)
Start importing Assets/Images/replay (1).png using Guid(04fe653b554c64d45a5ef5a1234fe3fe) Importer(815301076,1909f56bfc062723c751e8b465ee728b)  -> (artifact id: 'e441575c5414a90ce6e67f95eef1e536') in 0.035611 seconds
  Import took 0.041102 seconds .

========================================================================
Received Import Request.
  Time since last request: 467.619989 seconds.
  path: Assets/Images/replay (2).png
  artifactKey: Guid(c6c78e62ed46fa54a9eaa97371c3a056) Importer(815301076,1909f56bfc062723c751e8b465ee728b)
Start importing Assets/Images/replay (2).png using Guid(c6c78e62ed46fa54a9eaa97371c3a056) Importer(815301076,1909f56bfc062723c751e8b465ee728b)  -> (artifact id: '25d218838455a195e2667e376e10293e') in 0.027654 seconds
  Import took 0.033603 seconds .

========================================================================
Received Import Request.
  Time since last request: 29.935862 seconds.
  path: Assets/Images/skip-button.png
  artifactKey: Guid(7267235acbf5e1a4e90a67f4f924df66) Importer(815301076,1909f56bfc062723c751e8b465ee728b)
Start importing Assets/Images/skip-button.png using Guid(7267235acbf5e1a4e90a67f4f924df66) Importer(815301076,1909f56bfc062723c751e8b465ee728b)  -> (artifact id: '8726fd68680db5fb7c51004d1e113e20') in 0.051835 seconds
  Import took 0.055502 seconds .

========================================================================
Received Import Request.
  Time since last request: 56.634844 seconds.
  path: Assets/Images/replay.png
  artifactKey: Guid(04fe653b554c64d45a5ef5a1234fe3fe) Importer(815301076,1909f56bfc062723c751e8b465ee728b)
Start importing Assets/Images/replay.png using Guid(04fe653b554c64d45a5ef5a1234fe3fe) Importer(815301076,1909f56bfc062723c751e8b465ee728b)  -> (artifact id: 'cadfae6412a5bed24f27186e36118622') in 0.016373 seconds
  Import took 0.020319 seconds .

========================================================================
Received Import Request.
  Time since last request: 190.926018 seconds.
  path: Assets/Images/replay.png
  artifactKey: Guid(04fe653b554c64d45a5ef5a1234fe3fe) Importer(815301076,1909f56bfc062723c751e8b465ee728b)
Start importing Assets/Images/replay.png using Guid(04fe653b554c64d45a5ef5a1234fe3fe) Importer(815301076,1909f56bfc062723c751e8b465ee728b)  -> (artifact id: 'f46bbe62f2c7b9cf66d75237d81a9c00') in 0.015954 seconds
  Import took 0.019752 seconds .

========================================================================
Received Import Request.
  Time since last request: 0.281292 seconds.
  path: Assets/Images/replay.png
  artifactKey: Guid(04fe653b554c64d45a5ef5a1234fe3fe) Importer(815301076,1909f56bfc062723c751e8b465ee728b)
Start importing Assets/Images/replay.png using Guid(04fe653b554c64d45a5ef5a1234fe3fe) Importer(815301076,1909f56bfc062723c751e8b465ee728b)  -> (artifact id: 'f46bbe62f2c7b9cf66d75237d81a9c00') in 0.015605 seconds
  Import took 0.019238 seconds .

========================================================================
Received Import Request.
  Time since last request: 34.768997 seconds.
  path: Assets/Images/replay.png
  artifactKey: Guid(04fe653b554c64d45a5ef5a1234fe3fe) Importer(815301076,1909f56bfc062723c751e8b465ee728b)
Start importing Assets/Images/replay.png using Guid(04fe653b554c64d45a5ef5a1234fe3fe) Importer(815301076,1909f56bfc062723c751e8b465ee728b)  -> (artifact id: 'eba00a9e0ce2d5dcb715bfaaaf84e4d8') in 0.014202 seconds
  Import took 0.018125 seconds .

========================================================================
Received Import Request.
  Time since last request: 0.038462 seconds.
  path: Assets/Images/replay.png
  artifactKey: Guid(04fe653b554c64d45a5ef5a1234fe3fe) Importer(815301076,1909f56bfc062723c751e8b465ee728b)
Start importing Assets/Images/replay.png using Guid(04fe653b554c64d45a5ef5a1234fe3fe) Importer(815301076,1909f56bfc062723c751e8b465ee728b)  -> (artifact id: 'eba00a9e0ce2d5dcb715bfaaaf84e4d8') in 0.015532 seconds
  Import took 0.018722 seconds .

========================================================================
Received Import Request.
  Time since last request: 9.252952 seconds.
  path: Assets/Images/replay.png
  artifactKey: Guid(04fe653b554c64d45a5ef5a1234fe3fe) Importer(815301076,1909f56bfc062723c751e8b465ee728b)
Start importing Assets/Images/replay.png using Guid(04fe653b554c64d45a5ef5a1234fe3fe) Importer(815301076,1909f56bfc062723c751e8b465ee728b)  -> (artifact id: '5288d67770497c8519d003d24d45b5b1') in 0.019858 seconds
  Import took 0.024285 seconds .

========================================================================
Received Import Request.
  Time since last request: 39.034660 seconds.
  path: Assets/Images/skip-button.png
  artifactKey: Guid(7267235acbf5e1a4e90a67f4f924df66) Importer(815301076,1909f56bfc062723c751e8b465ee728b)
Start importing Assets/Images/skip-button.png using Guid(7267235acbf5e1a4e90a67f4f924df66) Importer(815301076,1909f56bfc062723c751e8b465ee728b)  -> (artifact id: 'ddbfddaaf24f1b0a034140e8c3c0498a') in 0.014468 seconds
  Import took 0.019874 seconds .

========================================================================
Received Import Request.
  Time since last request: 0.005271 seconds.
  path: Assets/Images/skip-button.png
  artifactKey: Guid(7267235acbf5e1a4e90a67f4f924df66) Importer(815301076,1909f56bfc062723c751e8b465ee728b)
Start importing Assets/Images/skip-button.png using Guid(7267235acbf5e1a4e90a67f4f924df66) Importer(815301076,1909f56bfc062723c751e8b465ee728b)  -> (artifact id: 'ddbfddaaf24f1b0a034140e8c3c0498a') in 0.013616 seconds
  Import took 0.017881 seconds .

========================================================================
Received Import Request.
  Time since last request: 10.407966 seconds.
  path: Assets/Images/skip-button.png
  artifactKey: Guid(7267235acbf5e1a4e90a67f4f924df66) Importer(815301076,1909f56bfc062723c751e8b465ee728b)
Start importing Assets/Images/skip-button.png using Guid(7267235acbf5e1a4e90a67f4f924df66) Importer(815301076,1909f56bfc062723c751e8b465ee728b)  -> (artifact id: 'f18ac7b5ec6c68edbe08c7fb58815419') in 0.015979 seconds
  Import took 0.019658 seconds .

========================================================================
Received Import Request.
  Time since last request: 0.002778 seconds.
  path: Assets/Images/skip-button.png
  artifactKey: Guid(7267235acbf5e1a4e90a67f4f924df66) Importer(815301076,1909f56bfc062723c751e8b465ee728b)
Start importing Assets/Images/skip-button.png using Guid(7267235acbf5e1a4e90a67f4f924df66) Importer(815301076,1909f56bfc062723c751e8b465ee728b)  -> (artifact id: 'f18ac7b5ec6c68edbe08c7fb58815419') in 0.022715 seconds
  Import took 0.027609 seconds .

========================================================================
Received Prepare
Registering precompiled user dll's ...
Registered in 0.001306 seconds.
Begin MonoManager ReloadAssembly
Native extension for WindowsStandalone target not found
Refreshing native plugins compatible for Editor in 0.45 ms, found 2 plugins.
Preloading 0 native plugins for Editor in 0.00 ms.
Invoked RoslynAnalysisRunner static constructor.
RoslynAnalysisRunner will not be running.
RoslynAnalysisRunner has terminated.
Mono: successfully reloaded assembly
- Completed reload, in  0.867 seconds
Platform modules already initialized, skipping
Refreshing native plugins compatible for Editor in 0.56 ms, found 2 plugins.
Preloading 0 native plugins for Editor in 0.00 ms.
Unloading 1814 Unused Serialized files (Serialized files now loaded: 0)
System memory in use before: 88.7 MB.
System memory in use after: 88.8 MB.

Unloading 11 unused Assets to reduce memory usage. Loaded Objects now: 2292.
Total: 1.833300 ms (FindLiveObjects: 0.189500 ms CreateObjectMapping: 0.073600 ms MarkObjects: 1.550700 ms  DeleteObjects: 0.017800 ms)

========================================================================
Received Import Request.
  Time since last request: 90.781558 seconds.
  path: Assets/Images/replay.png
  artifactKey: Guid(04fe653b554c64d45a5ef5a1234fe3fe) Importer(815301076,1909f56bfc062723c751e8b465ee728b)
Start importing Assets/Images/replay.png using Guid(04fe653b554c64d45a5ef5a1234fe3fe) Importer(815301076,1909f56bfc062723c751e8b465ee728b)  -> (artifact id: '2d33e2af5449e3b4aa0ff09614440d7a') in 0.154090 seconds
  Import took 0.158941 seconds .

========================================================================
Received Prepare
Registering precompiled user dll's ...
Registered in 0.001214 seconds.
Begin MonoManager ReloadAssembly
Native extension for WindowsStandalone target not found
Refreshing native plugins compatible for Editor in 0.40 ms, found 2 plugins.
Preloading 0 native plugins for Editor in 0.00 ms.
Invoked RoslynAnalysisRunner static constructor.
RoslynAnalysisRunner will not be running.
RoslynAnalysisRunner has terminated.
Mono: successfully reloaded assembly
- Completed reload, in  0.843 seconds
Platform modules already initialized, skipping
Refreshing native plugins compatible for Editor in 0.66 ms, found 2 plugins.
Preloading 0 native plugins for Editor in 0.00 ms.
Unloading 1814 Unused Serialized files (Serialized files now loaded: 0)
System memory in use before: 88.7 MB.
System memory in use after: 88.8 MB.

Unloading 11 unused Assets to reduce memory usage. Loaded Objects now: 2295.
Total: 2.209900 ms (FindLiveObjects: 0.198700 ms CreateObjectMapping: 0.077900 ms MarkObjects: 1.913600 ms  DeleteObjects: 0.018400 ms)

========================================================================
Received Prepare
Registering precompiled user dll's ...
Registered in 0.002854 seconds.
Begin MonoManager ReloadAssembly
Native extension for WindowsStandalone target not found
Refreshing native plugins compatible for Editor in 0.64 ms, found 2 plugins.
Preloading 0 native plugins for Editor in 0.00 ms.
Invoked RoslynAnalysisRunner static constructor.
RoslynAnalysisRunner will not be running.
RoslynAnalysisRunner has terminated.
Mono: successfully reloaded assembly
- Completed reload, in  0.832 seconds
Platform modules already initialized, skipping
Refreshing native plugins compatible for Editor in 0.76 ms, found 2 plugins.
Preloading 0 native plugins for Editor in 0.00 ms.
Unloading 1814 Unused Serialized files (Serialized files now loaded: 0)
System memory in use before: 88.7 MB.
System memory in use after: 88.9 MB.

Unloading 11 unused Assets to reduce memory usage. Loaded Objects now: 2297.
Total: 2.237900 ms (FindLiveObjects: 0.271100 ms CreateObjectMapping: 0.079600 ms MarkObjects: 1.865000 ms  DeleteObjects: 0.020200 ms)

========================================================================
Received Prepare
Registering precompiled user dll's ...
Registered in 0.001253 seconds.
Begin MonoManager ReloadAssembly
Native extension for WindowsStandalone target not found
Refreshing native plugins compatible for Editor in 0.48 ms, found 2 plugins.
Preloading 0 native plugins for Editor in 0.00 ms.
Invoked RoslynAnalysisRunner static constructor.
RoslynAnalysisRunner will not be running.
RoslynAnalysisRunner has terminated.
Mono: successfully reloaded assembly
- Completed reload, in  0.853 seconds
Platform modules already initialized, skipping
Refreshing native plugins compatible for Editor in 0.69 ms, found 2 plugins.
Preloading 0 native plugins for Editor in 0.00 ms.
Unloading 1814 Unused Serialized files (Serialized files now loaded: 0)
System memory in use before: 88.8 MB.
System memory in use after: 88.9 MB.

Unloading 11 unused Assets to reduce memory usage. Loaded Objects now: 2299.
Total: 2.208400 ms (FindLiveObjects: 0.227500 ms CreateObjectMapping: 0.100700 ms MarkObjects: 1.856600 ms  DeleteObjects: 0.022300 ms)

========================================================================
Received Prepare
Registering precompiled user dll's ...
Registered in 0.001305 seconds.
Begin MonoManager ReloadAssembly
Native extension for WindowsStandalone target not found
Refreshing native plugins compatible for Editor in 0.42 ms, found 2 plugins.
Preloading 0 native plugins for Editor in 0.00 ms.
Invoked RoslynAnalysisRunner static constructor.
RoslynAnalysisRunner will not be running.
RoslynAnalysisRunner has terminated.
Mono: successfully reloaded assembly
- Completed reload, in  0.889 seconds
Platform modules already initialized, skipping
Refreshing native plugins compatible for Editor in 0.70 ms, found 2 plugins.
Preloading 0 native plugins for Editor in 0.00 ms.
Unloading 1814 Unused Serialized files (Serialized files now loaded: 0)
System memory in use before: 88.8 MB.
System memory in use after: 88.9 MB.

Unloading 11 unused Assets to reduce memory usage. Loaded Objects now: 2301.
Total: 2.146500 ms (FindLiveObjects: 0.199700 ms CreateObjectMapping: 0.062100 ms MarkObjects: 1.865200 ms  DeleteObjects: 0.018200 ms)

========================================================================
Received Prepare
Registering precompiled user dll's ...
Registered in 0.001272 seconds.
Begin MonoManager ReloadAssembly
Native extension for WindowsStandalone target not found
Refreshing native plugins compatible for Editor in 0.45 ms, found 2 plugins.
Preloading 0 native plugins for Editor in 0.00 ms.
Invoked RoslynAnalysisRunner static constructor.
RoslynAnalysisRunner will not be running.
RoslynAnalysisRunner has terminated.
Mono: successfully reloaded assembly
- Completed reload, in  0.918 seconds
Platform modules already initialized, skipping
Refreshing native plugins compatible for Editor in 0.70 ms, found 2 plugins.
Preloading 0 native plugins for Editor in 0.00 ms.
Unloading 1814 Unused Serialized files (Serialized files now loaded: 0)
System memory in use before: 88.8 MB.
System memory in use after: 88.9 MB.

Unloading 11 unused Assets to reduce memory usage. Loaded Objects now: 2303.
Total: 2.367900 ms (FindLiveObjects: 0.182900 ms CreateObjectMapping: 0.072700 ms MarkObjects: 2.089200 ms  DeleteObjects: 0.022000 ms)

========================================================================
Received Prepare
Registering precompiled user dll's ...
Registered in 0.001253 seconds.
Begin MonoManager ReloadAssembly
Native extension for WindowsStandalone target not found
Refreshing native plugins compatible for Editor in 0.39 ms, found 2 plugins.
Preloading 0 native plugins for Editor in 0.00 ms.
Invoked RoslynAnalysisRunner static constructor.
RoslynAnalysisRunner will not be running.
RoslynAnalysisRunner has terminated.
Mono: successfully reloaded assembly
- Completed reload, in  0.834 seconds
Platform modules already initialized, skipping
Refreshing native plugins compatible for Editor in 0.43 ms, found 2 plugins.
Preloading 0 native plugins for Editor in 0.00 ms.
Unloading 1814 Unused Serialized files (Serialized files now loaded: 0)
System memory in use before: 88.8 MB.
System memory in use after: 88.9 MB.

Unloading 11 unused Assets to reduce memory usage. Loaded Objects now: 2305.
Total: 2.016500 ms (FindLiveObjects: 0.191000 ms CreateObjectMapping: 0.087100 ms MarkObjects: 1.717200 ms  DeleteObjects: 0.019900 ms)

========================================================================
Received Prepare
Registering precompiled user dll's ...
Registered in 0.001357 seconds.
Begin MonoManager ReloadAssembly
Native extension for WindowsStandalone target not found
Refreshing native plugins compatible for Editor in 0.39 ms, found 2 plugins.
Preloading 0 native plugins for Editor in 0.00 ms.
Invoked RoslynAnalysisRunner static constructor.
RoslynAnalysisRunner will not be running.
RoslynAnalysisRunner has terminated.
Mono: successfully reloaded assembly
- Completed reload, in  0.832 seconds
Platform modules already initialized, skipping
Refreshing native plugins compatible for Editor in 0.45 ms, found 2 plugins.
Preloading 0 native plugins for Editor in 0.00 ms.
Unloading 1814 Unused Serialized files (Serialized files now loaded: 0)
System memory in use before: 88.8 MB.
System memory in use after: 88.9 MB.

Unloading 11 unused Assets to reduce memory usage. Loaded Objects now: 2307.
Total: 2.296200 ms (FindLiveObjects: 0.258700 ms CreateObjectMapping: 0.085200 ms MarkObjects: 1.932800 ms  DeleteObjects: 0.017800 ms)

========================================================================
Received Prepare
Registering precompiled user dll's ...
Registered in 0.001408 seconds.
Begin MonoManager ReloadAssembly
Native extension for WindowsStandalone target not found
Refreshing native plugins compatible for Editor in 0.44 ms, found 2 plugins.
Preloading 0 native plugins for Editor in 0.00 ms.
Invoked RoslynAnalysisRunner static constructor.
RoslynAnalysisRunner will not be running.
RoslynAnalysisRunner has terminated.
Mono: successfully reloaded assembly
- Completed reload, in  1.289 seconds
Platform modules already initialized, skipping
Refreshing native plugins compatible for Editor in 0.43 ms, found 2 plugins.
Preloading 0 native plugins for Editor in 0.00 ms.
Unloading 1814 Unused Serialized files (Serialized files now loaded: 0)
System memory in use before: 88.8 MB.
System memory in use after: 88.9 MB.

Unloading 11 unused Assets to reduce memory usage. Loaded Objects now: 2309.
Total: 2.320600 ms (FindLiveObjects: 0.241700 ms CreateObjectMapping: 0.084100 ms MarkObjects: 1.968500 ms  DeleteObjects: 0.024800 ms)

========================================================================
Received Prepare
Registering precompiled user dll's ...
Registered in 0.001261 seconds.
Begin MonoManager ReloadAssembly
Native extension for WindowsStandalone target not found
Refreshing native plugins compatible for Editor in 0.41 ms, found 2 plugins.
Preloading 0 native plugins for Editor in 0.00 ms.
Invoked RoslynAnalysisRunner static constructor.
RoslynAnalysisRunner will not be running.
RoslynAnalysisRunner has terminated.
Mono: successfully reloaded assembly
- Completed reload, in  0.850 seconds
Platform modules already initialized, skipping
Refreshing native plugins compatible for Editor in 0.68 ms, found 2 plugins.
Preloading 0 native plugins for Editor in 0.00 ms.
Unloading 1814 Unused Serialized files (Serialized files now loaded: 0)
System memory in use before: 88.8 MB.
System memory in use after: 88.9 MB.

Unloading 11 unused Assets to reduce memory usage. Loaded Objects now: 2311.
Total: 2.055800 ms (FindLiveObjects: 0.209500 ms CreateObjectMapping: 0.084300 ms MarkObjects: 1.741900 ms  DeleteObjects: 0.019200 ms)

========================================================================
Received Prepare
Registering precompiled user dll's ...
Registered in 0.001365 seconds.
Begin MonoManager ReloadAssembly
Native extension for WindowsStandalone target not found
Refreshing native plugins compatible for Editor in 0.40 ms, found 2 plugins.
Preloading 0 native plugins for Editor in 0.00 ms.
Invoked RoslynAnalysisRunner static constructor.
RoslynAnalysisRunner will not be running.
RoslynAnalysisRunner has terminated.
Mono: successfully reloaded assembly
- Completed reload, in  0.918 seconds
Platform modules already initialized, skipping
Refreshing native plugins compatible for Editor in 0.46 ms, found 2 plugins.
Preloading 0 native plugins for Editor in 0.00 ms.
Unloading 1814 Unused Serialized files (Serialized files now loaded: 0)
System memory in use before: 88.8 MB.
System memory in use after: 88.9 MB.

Unloading 11 unused Assets to reduce memory usage. Loaded Objects now: 2313.
Total: 2.144200 ms (FindLiveObjects: 0.186200 ms CreateObjectMapping: 0.067900 ms MarkObjects: 1.867400 ms  DeleteObjects: 0.021400 ms)

========================================================================
Received Prepare
Registering precompiled user dll's ...
Registered in 0.001320 seconds.
Begin MonoManager ReloadAssembly
Native extension for WindowsStandalone target not found
Refreshing native plugins compatible for Editor in 0.41 ms, found 2 plugins.
Preloading 0 native plugins for Editor in 0.00 ms.
Invoked RoslynAnalysisRunner static constructor.
RoslynAnalysisRunner will not be running.
RoslynAnalysisRunner has terminated.
Mono: successfully reloaded assembly
- Completed reload, in  0.924 seconds
Platform modules already initialized, skipping
Refreshing native plugins compatible for Editor in 0.43 ms, found 2 plugins.
Preloading 0 native plugins for Editor in 0.00 ms.
Unloading 1814 Unused Serialized files (Serialized files now loaded: 0)
System memory in use before: 88.8 MB.
System memory in use after: 88.9 MB.

Unloading 11 unused Assets to reduce memory usage. Loaded Objects now: 2315.
Total: 2.276100 ms (FindLiveObjects: 0.286100 ms CreateObjectMapping: 0.099100 ms MarkObjects: 1.864700 ms  DeleteObjects: 0.024200 ms)

========================================================================
Received Prepare
Registering precompiled user dll's ...
Registered in 0.001226 seconds.
Begin MonoManager ReloadAssembly
Native extension for WindowsStandalone target not found
Refreshing native plugins compatible for Editor in 0.41 ms, found 2 plugins.
Preloading 0 native plugins for Editor in 0.00 ms.
Invoked RoslynAnalysisRunner static constructor.
RoslynAnalysisRunner will not be running.
RoslynAnalysisRunner has terminated.
Mono: successfully reloaded assembly
- Completed reload, in  0.880 seconds
Platform modules already initialized, skipping
Refreshing native plugins compatible for Editor in 0.45 ms, found 2 plugins.
Preloading 0 native plugins for Editor in 0.00 ms.
Unloading 1814 Unused Serialized files (Serialized files now loaded: 0)
System memory in use before: 88.8 MB.
System memory in use after: 88.9 MB.

Unloading 11 unused Assets to reduce memory usage. Loaded Objects now: 2317.
Total: 2.905300 ms (FindLiveObjects: 0.403100 ms CreateObjectMapping: 0.254700 ms MarkObjects: 2.223800 ms  DeleteObjects: 0.022000 ms)

========================================================================
Received Prepare
Registering precompiled user dll's ...
Registered in 0.001262 seconds.
Begin MonoManager ReloadAssembly
Native extension for WindowsStandalone target not found
Refreshing native plugins compatible for Editor in 0.41 ms, found 2 plugins.
Preloading 0 native plugins for Editor in 0.00 ms.
Invoked RoslynAnalysisRunner static constructor.
RoslynAnalysisRunner will not be running.
RoslynAnalysisRunner has terminated.
Mono: successfully reloaded assembly
- Completed reload, in  0.878 seconds
Platform modules already initialized, skipping
Refreshing native plugins compatible for Editor in 0.87 ms, found 2 plugins.
Preloading 0 native plugins for Editor in 0.00 ms.
Unloading 1814 Unused Serialized files (Serialized files now loaded: 0)
System memory in use before: 88.8 MB.
System memory in use after: 88.9 MB.

Unloading 11 unused Assets to reduce memory usage. Loaded Objects now: 2319.
Total: 2.682600 ms (FindLiveObjects: 0.238000 ms CreateObjectMapping: 0.104900 ms MarkObjects: 2.310700 ms  DeleteObjects: 0.027800 ms)

AssetImportWorkerClient::OnTransportError - code=2 error=End of file
